<?xml version="1.0" encoding="UTF-8"?>
<testsuite xmlns:xsi="http://www.w3.org/2001/XMLSchema-instance" xsi:noNamespaceSchemaLocation="https://maven.apache.org/surefire/maven-surefire-plugin/xsd/surefire-test-report.xsd" version="3.0.2" name="com.quest.bank_card.service.impl.AccountManagementServiceImplTest" time="3.212" tests="11" errors="0" skipped="0" failures="0">
  <properties>
[...]
</properties>
  <testcase name="deleteCardByIdNegativeTest_nonZeroBalance" classname="com.quest.bank_card.service.impl.AccountManagementServiceImplTest" time="0.088">
    <system-out><![CDATA[19:24:14.964 [main] INFO org.springframework.test.context.support.AnnotationConfigContextLoaderUtils -- Could not detect default configuration classes for test class [com.quest.bank_card.service.impl.AccountManagementServiceImplTest]: AccountManagementServiceImplTest does not declare any static, non-private, non-final, nested classes annotated with @Configuration.
19:24:15.036 [main] INFO org.springframework.boot.test.context.SpringBootTestContextBootstrapper -- Found @SpringBootConfiguration com.quest.bank_card.BankCardApplication for test class com.quest.bank_card.service.impl.AccountManagementServiceImplTest
19:24:15.069 [main] INFO org.testcontainers.images.PullPolicy -- Image pull policy will be performed by: DefaultPullPolicy()
19:24:15.071 [main] INFO org.testcontainers.utility.ImageNameSubstitutor -- Image name substitution will be performed by: DefaultImageNameSubstitutor (composite of 'ConfigurationFileImageNameSubstitutor' and 'PrefixingImageNameSubstitutor')
19:24:15.074 [main] INFO org.testcontainers.DockerClientFactory -- Testcontainers version: 1.21.0
19:24:15.152 [main] INFO org.testcontainers.dockerclient.DockerClientProviderStrategy -- Loaded org.testcontainers.dockerclient.UnixSocketClientProviderStrategy from ~/.testcontainers.properties, will try it first
19:24:15.263 [main] INFO org.testcontainers.dockerclient.DockerClientProviderStrategy -- Found Docker environment with local Unix socket (unix:///var/run/docker.sock)
19:24:15.263 [main] INFO org.testcontainers.DockerClientFactory -- Docker host IP address is localhost
19:24:15.272 [main] INFO org.testcontainers.DockerClientFactory -- Connected to docker: 
  Server Version: 27.4.0
  API Version: 1.47
  Operating System: Docker Desktop
  Total Memory: 7837 MB
  Labels: 
    com.docker.desktop.address=unix:///Users/alex/Library/Containers/com.docker.docker/Data/docker-cli.sock
19:24:15.282 [main] INFO tc.testcontainers/ryuk:0.11.0 -- Creating container for image: testcontainers/ryuk:0.11.0
19:24:15.376 [main] INFO org.testcontainers.utility.RegistryAuthLocator -- Credential helper/store (docker-credential-desktop) does not have credentials for https://index.docker.io/v1/
19:24:15.418 [main] INFO tc.testcontainers/ryuk:0.11.0 -- Container testcontainers/ryuk:0.11.0 is starting: 029e55d15a771f7bd40c42a0a1f5b270bbb7028ad14dbc0f288a2af2d410ec84
19:24:15.589 [main] INFO tc.testcontainers/ryuk:0.11.0 -- Container testcontainers/ryuk:0.11.0 started in PT0.306669S
19:24:15.592 [main] INFO org.testcontainers.utility.RyukResourceReaper -- Ryuk started - will monitor and terminate Testcontainers containers on JVM exit
19:24:15.592 [main] INFO org.testcontainers.DockerClientFactory -- Checking the system...
19:24:15.592 [main] INFO org.testcontainers.DockerClientFactory -- ✔︎ Docker server version should be at least 1.6.0
19:24:15.592 [main] INFO tc.postgres:latest -- Creating container for image: postgres:latest
19:24:15.636 [main] INFO tc.postgres:latest -- Container postgres:latest is starting: 49b4010eb44e3022c60ff14a9455053fee58a0e98ac41f1c3684fb08985d8e7b
19:24:16.304 [main] INFO tc.postgres:latest -- Container postgres:latest started in PT0.711661S
19:24:16.305 [main] INFO tc.postgres:latest -- Container is started (JDBC URL: jdbc:postgresql://localhost:64962/test?loggerLevel=OFF)
19:24:16.314 [main] INFO org.testcontainers.ext.ScriptUtils -- Executing database script from sql/init.sql
19:24:16.390 [main] INFO org.testcontainers.ext.ScriptUtils -- Executed database script from sql/init.sql in 76 ms.

  .   ____          _            __ _ _
 /\\ / ___'_ __ _ _(_)_ __  __ _ \ \ \ \
( ( )\___ | '_ | '_| | '_ \/ _` | \ \ \ \
 \\/  ___)| |_)| | | | | || (_| |  ) ) ) )
  '  |____| .__|_| |_|_| |_\__, | / / / /
 =========|_|==============|___/=/_/_/_/

 :: Spring Boot ::                (v3.5.0)

2025-06-05T19:24:16.496+03:00  INFO 20290 --- [           main] q.b.s.i.AccountManagementServiceImplTest : Starting AccountManagementServiceImplTest using Java 17.0.15 with PID 20290 (started by alex in /Users/alex/Documents/trening-test-project/bcrs/bank-card)
2025-06-05T19:24:16.497+03:00  INFO 20290 --- [           main] q.b.s.i.AccountManagementServiceImplTest : No active profile set, falling back to 1 default profile: "default"
2025-06-05T19:24:16.775+03:00  INFO 20290 --- [           main] .s.d.r.c.RepositoryConfigurationDelegate : Bootstrapping Spring Data JPA repositories in DEFAULT mode.
2025-06-05T19:24:16.803+03:00  INFO 20290 --- [           main] .s.d.r.c.RepositoryConfigurationDelegate : Finished Spring Data repository scanning in 23 ms. Found 2 JPA repository interfaces.
2025-06-05T19:24:16.976+03:00  INFO 20290 --- [           main] com.zaxxer.hikari.HikariDataSource       : HikariPool-1 - Starting...
2025-06-05T19:24:16.998+03:00  INFO 20290 --- [           main] com.zaxxer.hikari.pool.HikariPool        : HikariPool-1 - Added connection org.postgresql.jdbc.PgConnection@673ce246
2025-06-05T19:24:16.999+03:00  INFO 20290 --- [           main] com.zaxxer.hikari.HikariDataSource       : HikariPool-1 - Start completed.
2025-06-05T19:24:17.022+03:00  INFO 20290 --- [           main] o.hibernate.jpa.internal.util.LogHelper  : HHH000204: Processing PersistenceUnitInfo [name: default]
2025-06-05T19:24:17.044+03:00  INFO 20290 --- [           main] org.hibernate.Version                    : HHH000412: Hibernate ORM core version 6.6.15.Final
2025-06-05T19:24:17.056+03:00  INFO 20290 --- [           main] o.h.c.internal.RegionFactoryInitiator    : HHH000026: Second-level cache disabled
2025-06-05T19:24:17.101+03:00  INFO 20290 --- [           main] o.s.o.j.p.SpringPersistenceUnitInfo      : No LoadTimeWeaver setup: ignoring JPA class transformer
2025-06-05T19:24:17.133+03:00  INFO 20290 --- [           main] org.hibernate.orm.connections.pooling    : HHH10001005: Database info:
	Database JDBC URL [Connecting through datasource 'HikariDataSource (HikariPool-1)']
	Database driver: undefined/unknown
	Database version: 17.5
	Autocommit mode: undefined/unknown
	Isolation level: undefined/unknown
	Minimum pool size: undefined/unknown
	Maximum pool size: undefined/unknown
2025-06-05T19:24:17.435+03:00  INFO 20290 --- [           main] o.h.e.t.j.p.i.JtaPlatformInitiator       : HHH000489: No JTA platform available (set 'hibernate.transaction.jta.platform' to enable JTA platform integration)
2025-06-05T19:24:17.436+03:00  INFO 20290 --- [           main] j.LocalContainerEntityManagerFactoryBean : Initialized JPA EntityManagerFactory for persistence unit 'default'
2025-06-05T19:24:17.624+03:00  WARN 20290 --- [           main] JpaBaseConfiguration$JpaWebConfiguration : spring.jpa.open-in-view is enabled by default. Therefore, database queries may be performed during view rendering. Explicitly configure spring.jpa.open-in-view to disable this warning
2025-06-05T19:24:17.803+03:00  INFO 20290 --- [           main] o.s.v.b.OptionalValidatorFactoryBean     : Failed to set up a Bean Validation provider: jakarta.validation.NoProviderFoundException: Unable to create a Configuration, because no Jakarta Bean Validation provider could be found. Add a provider like Hibernate Validator (RI) to your classpath.
2025-06-05T19:24:17.909+03:00  INFO 20290 --- [           main] q.b.s.i.AccountManagementServiceImplTest : Started AccountManagementServiceImplTest in 1.509 seconds (process running for 4.485)
]]></system-out>
  </testcase>
  <testcase name="findUserCardTest" classname="com.quest.bank_card.service.impl.AccountManagementServiceImplTest" time="0.006"/>
  <testcase name="deleteCardsByIdPositiveTest" classname="com.quest.bank_card.service.impl.AccountManagementServiceImplTest" time="0.079"/>
  <testcase name="saveCardTest" classname="com.quest.bank_card.service.impl.AccountManagementServiceImplTest" time="0.015"/>
  <testcase name="deleteCardsByIdNegativeTest" classname="com.quest.bank_card.service.impl.AccountManagementServiceImplTest" time="0.008"/>
  <testcase name="deleteCardByIdNegativeTest_doesNotBelongToUser" classname="com.quest.bank_card.service.impl.AccountManagementServiceImplTest" time="0.005"/>
  <testcase name="findCardsByUserIdTest" classname="com.quest.bank_card.service.impl.AccountManagementServiceImplTest" time="0.008"/>
  <testcase name="deleteCardByIdPositiveTest" classname="com.quest.bank_card.service.impl.AccountManagementServiceImplTest" time="0.011"/>
  <testcase name="blockRequestTest" classname="com.quest.bank_card.service.impl.AccountManagementServiceImplTest" time="0.013"/>
  <testcase name="getDepositByCardIdTest" classname="com.quest.bank_card.service.impl.AccountManagementServiceImplTest" time="0.004"/>
  <testcase name="saveCardsTest" classname="com.quest.bank_card.service.impl.AccountManagementServiceImplTest" time="0.006"/>
</testsuite>