<?xml version="1.0" encoding="UTF-8"?>
<testsuite xmlns:xsi="http://www.w3.org/2001/XMLSchema-instance" xsi:noNamespaceSchemaLocation="https://maven.apache.org/surefire/maven-surefire-plugin/xsd/surefire-test-report.xsd" version="3.0.2" name="com.quest.bank_card.service.impl.UserManagementServiceImplTest" time="0.068" tests="7" errors="0" skipped="0" failures="0">
  <properties>
[...]
</properties>
  <testcase name="createUserTestNegative" classname="com.quest.bank_card.service.impl.UserManagementServiceImplTest" time="0.005">
    <system-out><![CDATA[2025-06-16T11:00:54.340+03:00  INFO 2606 --- [           main] t.c.s.AnnotationConfigContextLoaderUtils : Could not detect default configuration classes for test class [com.quest.bank_card.service.impl.UserManagementServiceImplTest]: UserManagementServiceImplTest does not declare any static, non-private, non-final, nested classes annotated with @Configuration.
2025-06-16T11:00:54.342+03:00  INFO 2606 --- [           main] .b.t.c.SpringBootTestContextBootstrapper : Found @SpringBootConfiguration com.quest.bank_card.BankCardApplication for test class com.quest.bank_card.service.impl.UserManagementServiceImplTest
]]></system-out>
  </testcase>
  <testcase name="findUserByIdWithCard" classname="com.quest.bank_card.service.impl.UserManagementServiceImplTest" time="0.013"/>
  <testcase name="findUserByLoginTest" classname="com.quest.bank_card.service.impl.UserManagementServiceImplTest" time="0.004"/>
  <testcase name="createUserTest" classname="com.quest.bank_card.service.impl.UserManagementServiceImplTest" time="0.005"/>
  <testcase name="deleteUsersTest" classname="com.quest.bank_card.service.impl.UserManagementServiceImplTest" time="0.013"/>
  <testcase name="findAllUsersTest" classname="com.quest.bank_card.service.impl.UserManagementServiceImplTest" time="0.005"/>
  <testcase name="deleteUserTest" classname="com.quest.bank_card.service.impl.UserManagementServiceImplTest" time="0.015"/>
</testsuite>